<?xml version="1.0" encoding="UTF-8"?>
<testsuite xmlns:xsi="http://www.w3.org/2001/XMLSchema-instance" xsi:noNamespaceSchemaLocation="https://maven.apache.org/surefire/maven-surefire-plugin/xsd/surefire-test-report.xsd" version="3.0.2" name="com.hcl.notes.mcp.model.ModelSerializationTest" time="0.476" tests="4" errors="0" skipped="0" failures="0">
  <properties>
[...]
</properties>
  <testcase name="notesDocumentRoundTrip" classname="com.hcl.notes.mcp.model.ModelSerializationTest" time="0.347"/>
  <testcase name="mailMessageRoundTrip" classname="com.hcl.notes.mcp.model.ModelSerializationTest" time="0.029"/>
  <testcase name="calendarEventRoundTrip" classname="com.hcl.notes.mcp.model.ModelSerializationTest" time="0.043"/>
  <testcase name="notesTaskRoundTrip" classname="com.hcl.notes.mcp.model.ModelSerializationTest" time="0.03"/>
</testsuite>